<<<<<<< HEAD
[ 2018-04-18T19:48:39+08:00 ] ::1 /lo/tp/Public/css/Public/imgs/about_1.png
INFO: [ app_init ] --START--
INFO: Run Behavior\BuildLiteBehavior [ RunTime:0.000016s ]
INFO: [ app_init ] --END-- [ RunTime:0.000353s ]
ERR: 无法加载模块:Public

[ 2018-04-18T19:48:57+08:00 ] ::1 /lo/tp/Public/css/Public/imgs/about_1.png
INFO: [ app_init ] --START--
INFO: Run Behavior\BuildLiteBehavior [ RunTime:0.000010s ]
INFO: [ app_init ] --END-- [ RunTime:0.000218s ]
ERR: 无法加载模块:Public

[ 2018-04-18T19:49:03+08:00 ] ::1 /lo/tp/Public/css/Public/imgs/about_1.png
INFO: [ app_init ] --START--
INFO: Run Behavior\BuildLiteBehavior [ RunTime:0.000018s ]
INFO: [ app_init ] --END-- [ RunTime:0.000389s ]
ERR: 无法加载模块:Public

[ 2018-04-18T19:49:38+08:00 ] ::1 /lo/tp/Public/css/Public/imgs/about_1.png
INFO: [ app_init ] --START--
INFO: Run Behavior\BuildLiteBehavior [ RunTime:0.000020s ]
INFO: [ app_init ] --END-- [ RunTime:0.000690s ]
ERR: 无法加载模块:Public

[ 2018-04-18T19:51:19+08:00 ] ::1 /lo/tp/Public/css/Public/imgs/about_1.png
INFO: [ app_init ] --START--
INFO: Run Behavior\BuildLiteBehavior [ RunTime:0.000017s ]
INFO: [ app_init ] --END-- [ RunTime:0.000365s ]
ERR: 无法加载模块:Public
=======
[ 2018-04-18T20:11:05+08:00 ] ::1 /sbzsj/tp/static/images/serli/2.png
INFO: [ app_init ] --START--
INFO: Run Behavior\BuildLiteBehavior [ RunTime:0.008577s ]
INFO: [ app_init ] --END-- [ RunTime:0.008898s ]
ERR: 无法加载模块:Static

[ 2018-04-18T20:11:05+08:00 ] ::1 /sbzsj/tp/static/images/serli/4.png
INFO: [ app_init ] --START--
INFO: Run Behavior\BuildLiteBehavior [ RunTime:0.000028s ]
INFO: [ app_init ] --END-- [ RunTime:0.000509s ]
ERR: 无法加载模块:Static

[ 2018-04-18T20:11:05+08:00 ] ::1 /sbzsj/tp/static/images/serli/5.png
INFO: [ app_init ] --START--
INFO: Run Behavior\BuildLiteBehavior [ RunTime:0.000014s ]
INFO: [ app_init ] --END-- [ RunTime:0.005463s ]
ERR: 无法加载模块:Static

[ 2018-04-18T20:11:05+08:00 ] ::1 /sbzsj/tp/static/images/serli/1.png
INFO: [ app_init ] --START--
INFO: Run Behavior\BuildLiteBehavior [ RunTime:0.000027s ]
INFO: [ app_init ] --END-- [ RunTime:0.000513s ]
ERR: 无法加载模块:Static

[ 2018-04-18T20:11:05+08:00 ] ::1 /sbzsj/tp/static/images/serli/3.png
INFO: [ app_init ] --START--
INFO: Run Behavior\BuildLiteBehavior [ RunTime:0.000027s ]
INFO: [ app_init ] --END-- [ RunTime:0.008397s ]
ERR: 无法加载模块:Static

[ 2018-04-18T20:11:05+08:00 ] ::1 /sbzsj/tp/static/images/serli/6.png
INFO: [ app_init ] --START--
INFO: Run Behavior\BuildLiteBehavior [ RunTime:0.000029s ]
INFO: [ app_init ] --END-- [ RunTime:0.000663s ]
ERR: 无法加载模块:Static

[ 2018-04-18T20:11:05+08:00 ] ::1 /sbzsj/tp/static/images/serli/7.png
INFO: [ app_init ] --START--
INFO: Run Behavior\BuildLiteBehavior [ RunTime:0.000011s ]
INFO: [ app_init ] --END-- [ RunTime:0.000217s ]
ERR: 无法加载模块:Static

[ 2018-04-18T20:11:05+08:00 ] ::1 /sbzsj/tp/static/images/serli/9.png
INFO: [ app_init ] --START--
INFO: Run Behavior\BuildLiteBehavior [ RunTime:0.000012s ]
INFO: [ app_init ] --END-- [ RunTime:0.000288s ]
ERR: 无法加载模块:Static

[ 2018-04-18T20:11:05+08:00 ] ::1 /sbzsj/tp/static/images/serli/8.png
INFO: [ app_init ] --START--
INFO: Run Behavior\BuildLiteBehavior [ RunTime:0.000010s ]
INFO: [ app_init ] --END-- [ RunTime:0.000207s ]
ERR: 无法加载模块:Static

[ 2018-04-18T20:12:07+08:00 ] ::1 /sbzsj/tp/static/images/serli/2.png
INFO: [ app_init ] --START--
INFO: Run Behavior\BuildLiteBehavior [ RunTime:0.000020s ]
INFO: [ app_init ] --END-- [ RunTime:0.000433s ]
ERR: 无法加载模块:Static

[ 2018-04-18T20:12:07+08:00 ] ::1 /sbzsj/tp/static/images/serli/6.png
INFO: [ app_init ] --START--
INFO: Run Behavior\BuildLiteBehavior [ RunTime:0.000013s ]
INFO: [ app_init ] --END-- [ RunTime:0.000455s ]
ERR: 无法加载模块:Static

[ 2018-04-18T20:12:07+08:00 ] ::1 /sbzsj/tp/static/images/serli/4.png
INFO: [ app_init ] --START--
INFO: Run Behavior\BuildLiteBehavior [ RunTime:0.000016s ]
INFO: [ app_init ] --END-- [ RunTime:0.000324s ]
ERR: 无法加载模块:Static

[ 2018-04-18T20:12:07+08:00 ] ::1 /sbzsj/tp/static/images/serli/7.png
INFO: [ app_init ] --START--
INFO: Run Behavior\BuildLiteBehavior [ RunTime:0.000014s ]
INFO: [ app_init ] --END-- [ RunTime:0.000333s ]
ERR: 无法加载模块:Static

[ 2018-04-18T20:12:07+08:00 ] ::1 /sbzsj/tp/static/images/serli/1.png
INFO: [ app_init ] --START--
INFO: Run Behavior\BuildLiteBehavior [ RunTime:0.000027s ]
INFO: [ app_init ] --END-- [ RunTime:0.000510s ]
ERR: 无法加载模块:Static

[ 2018-04-18T20:12:07+08:00 ] ::1 /sbzsj/tp/static/images/serli/8.png
INFO: [ app_init ] --START--
INFO: Run Behavior\BuildLiteBehavior [ RunTime:0.000017s ]
INFO: [ app_init ] --END-- [ RunTime:0.000401s ]
ERR: 无法加载模块:Static

[ 2018-04-18T20:12:07+08:00 ] ::1 /sbzsj/tp/static/images/serli/9.png
INFO: [ app_init ] --START--
INFO: Run Behavior\BuildLiteBehavior [ RunTime:0.000021s ]
INFO: [ app_init ] --END-- [ RunTime:0.001016s ]
ERR: 无法加载模块:Static

[ 2018-04-18T20:12:07+08:00 ] ::1 /sbzsj/tp/static/images/serli/5.png
INFO: [ app_init ] --START--
INFO: Run Behavior\BuildLiteBehavior [ RunTime:0.000026s ]
INFO: [ app_init ] --END-- [ RunTime:0.000468s ]
ERR: 无法加载模块:Static

[ 2018-04-18T20:12:07+08:00 ] ::1 /sbzsj/tp/static/images/serli/3.png
INFO: [ app_init ] --START--
INFO: Run Behavior\BuildLiteBehavior [ RunTime:0.000024s ]
INFO: [ app_init ] --END-- [ RunTime:0.000423s ]
ERR: 无法加载模块:Static
>>>>>>> 9661e03bd19f98ba4e4ad5b946741130688e769b

