[ 2018-04-18T21:14:15+08:00 ] ::1 /sbzsj/tp/Public/images/a.png
INFO: [ app_init ] --START--
INFO: Run Behavior\BuildLiteBehavior [ RunTime:0.000016s ]
INFO: [ app_init ] --END-- [ RunTime:0.000365s ]

[ 2018-04-18T21:15:04+08:00 ] ::1 /sbzsj/tp/Public/images/a.png
INFO: [ app_init ] --START--
INFO: Run Behavior\BuildLiteBehavior [ RunTime:0.000016s ]
INFO: [ app_init ] --END-- [ RunTime:0.000367s ]

[ 2018-04-18T21:15:45+08:00 ] ::1 /sbzsj/tp/Public/images/a.png
INFO: [ app_init ] --START--
INFO: Run Behavior\BuildLiteBehavior [ RunTime:0.000014s ]
INFO: [ app_init ] --END-- [ RunTime:0.000372s ]

[ 2018-04-18T21:16:14+08:00 ] ::1 /sbzsj/tp/Public/images/a.png
INFO: [ app_init ] --START--
INFO: Run Behavior\BuildLiteBehavior [ RunTime:0.000015s ]
INFO: [ app_init ] --END-- [ RunTime:0.000349s ]

[ 2018-04-18T21:16:55+08:00 ] ::1 /sbzsj/tp/Public/images/a.png
INFO: [ app_init ] --START--
INFO: Run Behavior\BuildLiteBehavior [ RunTime:0.000016s ]
INFO: [ app_init ] --END-- [ RunTime:0.000329s ]

[ 2018-04-18T21:17:24+08:00 ] ::1 /sbzsj/tp/Public/images/a.png
INFO: [ app_init ] --START--
INFO: Run Behavior\BuildLiteBehavior [ RunTime:0.000018s ]
INFO: [ app_init ] --END-- [ RunTime:0.000377s ]

[ 2018-04-18T21:18:25+08:00 ] ::1 /sbzsj/tp/Public/images/a.png
INFO: [ app_init ] --START--
INFO: Run Behavior\BuildLiteBehavior [ RunTime:0.000011s ]
INFO: [ app_init ] --END-- [ RunTime:0.000225s ]

[ 2018-04-18T21:18:33+08:00 ] ::1 /sbzsj/tp/Public/images/a.png
INFO: [ app_init ] --START--
INFO: Run Behavior\BuildLiteBehavior [ RunTime:0.000020s ]
INFO: [ app_init ] --END-- [ RunTime:0.000542s ]

[ 2018-04-18T21:19:14+08:00 ] ::1 /sbzsj/tp/Public/images/a.png
INFO: [ app_init ] --START--
INFO: Run Behavior\BuildLiteBehavior [ RunTime:0.000012s ]
INFO: [ app_init ] --END-- [ RunTime:0.000267s ]

[ 2018-04-18T21:19:21+08:00 ] ::1 /sbzsj/tp/Public/images/a.png
INFO: [ app_init ] --START--
INFO: Run Behavior\BuildLiteBehavior [ RunTime:0.000011s ]
INFO: [ app_init ] --END-- [ RunTime:0.000352s ]

[ 2018-04-18T21:20:06+08:00 ] ::1 /sbzsj/tp/Public/images/a.png
INFO: [ app_init ] --START--
INFO: Run Behavior\BuildLiteBehavior [ RunTime:0.000022s ]
INFO: [ app_init ] --END-- [ RunTime:0.000420s ]

[ 2018-04-18T21:20:31+08:00 ] ::1 /sbzsj/tp/Public/images/a.png
INFO: [ app_init ] --START--
INFO: Run Behavior\BuildLiteBehavior [ RunTime:0.000016s ]
INFO: [ app_init ] --END-- [ RunTime:0.000354s ]

[ 2018-04-18T21:20:35+08:00 ] ::1 /sbzsj/tp/Public/images/a.png
INFO: [ app_init ] --START--
INFO: Run Behavior\BuildLiteBehavior [ RunTime:0.000018s ]
INFO: [ app_init ] --END-- [ RunTime:0.000387s ]

[ 2018-04-18T21:21:06+08:00 ] ::1 /sbzsj/tp/Public/images/a.png
INFO: [ app_init ] --START--
INFO: Run Behavior\BuildLiteBehavior [ RunTime:0.000015s ]
INFO: [ app_init ] --END-- [ RunTime:0.000372s ]

[ 2018-04-18T21:21:14+08:00 ] ::1 /sbzsj/tp/Public/images/a.png
INFO: [ app_init ] --START--
INFO: Run Behavior\BuildLiteBehavior [ RunTime:0.000013s ]
INFO: [ app_init ] --END-- [ RunTime:0.000330s ]

[ 2018-04-18T21:21:48+08:00 ] ::1 /sbzsj/tp/Public/css/list.css
INFO: [ app_init ] --START--
INFO: Run Behavior\BuildLiteBehavior [ RunTime:0.000011s ]
INFO: [ app_init ] --END-- [ RunTime:0.000234s ]
INFO: [ app_begin ] --START--
INFO: Run Behavior\ReadHtmlCacheBehavior [ RunTime:0.000597s ]
INFO: [ app_begin ] --END-- [ RunTime:0.000668s ]
ERR: 无法加载控制器:Css

[ 2018-04-18T21:22:47+08:00 ] ::1 /sbzsj/tp/Public/images/a.png
INFO: [ app_init ] --START--
INFO: Run Behavior\BuildLiteBehavior [ RunTime:0.000010s ]
INFO: [ app_init ] --END-- [ RunTime:0.000216s ]

[ 2018-04-18T21:31:09+08:00 ] ::1 /sbzsj/tp/Public/images/a.png
INFO: [ app_init ] --START--
INFO: Run Behavior\BuildLiteBehavior [ RunTime:0.000016s ]
INFO: [ app_init ] --END-- [ RunTime:0.000295s ]

[ 2018-04-18T21:31:15+08:00 ] ::1 /sbzsj/tp/Public/images/a.png
INFO: [ app_init ] --START--
INFO: Run Behavior\BuildLiteBehavior [ RunTime:0.000011s ]
INFO: [ app_init ] --END-- [ RunTime:0.000239s ]

[ 2018-04-18T21:31:22+08:00 ] ::1 /sbzsj/tp/Public/images/a.png
INFO: [ app_init ] --START--
INFO: Run Behavior\BuildLiteBehavior [ RunTime:0.000011s ]
INFO: [ app_init ] --END-- [ RunTime:0.000240s ]

[ 2018-04-18T21:33:42+08:00 ] ::1 /sbzsj/tp/Public/images/a.png
INFO: [ app_init ] --START--
INFO: Run Behavior\BuildLiteBehavior [ RunTime:0.000011s ]
INFO: [ app_init ] --END-- [ RunTime:0.000240s ]

[ 2018-04-18T21:34:19+08:00 ] ::1 /sbzsj/tp/Public/images/a.png
INFO: [ app_init ] --START--
INFO: Run Behavior\BuildLiteBehavior [ RunTime:0.000010s ]
INFO: [ app_init ] --END-- [ RunTime:0.000220s ]

[ 2018-04-18T21:36:08+08:00 ] ::1 /sbzsj/tp/Public/css/Public/imgs/about_1.png
INFO: [ app_init ] --START--
INFO: Run Behavior\BuildLiteBehavior [ RunTime:0.000016s ]
INFO: [ app_init ] --END-- [ RunTime:0.000466s ]

[ 2018-04-18T21:36:10+08:00 ] ::1 /sbzsj/tp/Public/css/Public/imgs/about_1.png
INFO: [ app_init ] --START--
INFO: Run Behavior\BuildLiteBehavior [ RunTime:0.000014s ]
INFO: [ app_init ] --END-- [ RunTime:0.000281s ]

[ 2018-04-18T21:36:21+08:00 ] ::1 /sbzsj/tp/Public/css/Public/imgs/about_1.png
INFO: [ app_init ] --START--
INFO: Run Behavior\BuildLiteBehavior [ RunTime:0.000010s ]
INFO: [ app_init ] --END-- [ RunTime:0.000219s ]

[ 2018-04-18T21:36:40+08:00 ] ::1 /sbzsj/tp/Public/css/Public/imgs/about_1.png
INFO: [ app_init ] --START--
INFO: Run Behavior\BuildLiteBehavior [ RunTime:0.000011s ]
INFO: [ app_init ] --END-- [ RunTime:0.000232s ]

